  CLEngine.cpp
C:\Users\ruben\Desktop\Genetic-Algorithm-TFG\TFG-Project\TFG-Project\src\CLEngine\src\Built-In-Classes\CLColor.h(52,52): warning C4244: 'return': conversión de 'double' a 'float'; posible pérdida de datos
C:\Users\ruben\Desktop\Genetic-Algorithm-TFG\TFG-Project\TFG-Project\src\CLEngine\src\Built-In-Classes\CLColor.h(54,52): warning C4244: 'return': conversión de 'double' a 'float'; posible pérdida de datos
C:\Users\ruben\Desktop\Genetic-Algorithm-TFG\TFG-Project\TFG-Project\src\CLEngine\src\Built-In-Classes\CLColor.h(56,52): warning C4244: 'return': conversión de 'double' a 'float'; posible pérdida de datos
C:\Users\ruben\Desktop\Genetic-Algorithm-TFG\TFG-Project\TFG-Project\src\CLEngine\src\Built-In-Classes\CLColor.h(58,52): warning C4244: 'return': conversión de 'double' a 'float'; posible pérdida de datos
C:\Users\ruben\Desktop\Genetic-Algorithm-TFG\TFG-Project\TFG-Project\src\CLEngine\src\CLEngine.cpp(991,56): warning C4244: 'argumento': conversión de 'double' a 'uint8_t'; posible pérdida de datos
C:\Users\ruben\Desktop\Genetic-Algorithm-TFG\TFG-Project\TFG-Project\src\CLEngine\src\CLEngine.cpp(991,52): warning C4244: 'argumento': conversión de 'double' a 'uint8_t'; posible pérdida de datos
C:\Users\ruben\Desktop\Genetic-Algorithm-TFG\TFG-Project\TFG-Project\src\CLEngine\src\CLEngine.cpp(991,48): warning C4244: 'argumento': conversión de 'double' a 'uint8_t'; posible pérdida de datos
C:\Users\ruben\Desktop\Genetic-Algorithm-TFG\TFG-Project\TFG-Project\src\CLEngine\src\CLEngine.cpp(991,42): warning C4244: 'argumento': conversión de 'double' a 'uint8_t'; posible pérdida de datos
C:\Users\ruben\Desktop\Genetic-Algorithm-TFG\TFG-Project\TFG-Project\src\CLEngine\src\CLEngine.cpp(1008,17): warning C4244: 'argumento': conversión de 'const int' a 'GLfloat'; posible pérdida de datos
D:\Microsoft Visual Studio 2019\VC\Tools\MSVC\14.27.29110\include\xmemory(230,33): warning C4244: 'argumento': conversión de 'int' a 'float'; posible pérdida de datos
D:\Microsoft Visual Studio 2019\VC\Tools\MSVC\14.27.29110\include\memory(1427): message : Vea la referencia a la creación de una instancia de la función plantilla "void std::_Construct_in_place<_Ty,unsigned int&,unsigned int&,glm::vec3&,std::vector<std::string,std::allocator<std::string>>&,int&,int&,int&,int&,int&,uint_fast8_t&>(_Ty &,unsigned int &,unsigned int &,glm::vec3 &,std::vector<std::string,std::allocator<std::string>> &,int &,int &,int &,int &,int &,uint_fast8_t &) noexcept(false)" que se está compilando
          with
          [
              _Ty=CLE::CLParticleSystem
          ]
D:\Microsoft Visual Studio 2019\VC\Tools\MSVC\14.27.29110\include\memory(2071): message : Vea la referencia a la creación de una instancia de la función plantilla "std::_Ref_count_obj2<_Ty>::_Ref_count_obj2<unsigned int&,unsigned int&,glm::vec3&,std::vector<std::string,std::allocator<std::string>>&,int&,int&,int&,int&,int&,uint_fast8_t&>(unsigned int &,unsigned int &,glm::vec3 &,std::vector<std::string,std::allocator<std::string>> &,int &,int &,int &,int &,int &,uint_fast8_t &)" que se está compilando
          with
          [
              _Ty=CLE::CLParticleSystem
          ]
D:\Microsoft Visual Studio 2019\VC\Tools\MSVC\14.27.29110\include\memory(2072): message : Vea la referencia a la creación de una instancia de la función plantilla "std::_Ref_count_obj2<_Ty>::_Ref_count_obj2<unsigned int&,unsigned int&,glm::vec3&,std::vector<std::string,std::allocator<std::string>>&,int&,int&,int&,int&,int&,uint_fast8_t&>(unsigned int &,unsigned int &,glm::vec3 &,std::vector<std::string,std::allocator<std::string>> &,int &,int &,int &,int &,int &,uint_fast8_t &)" que se está compilando
          with
          [
              _Ty=CLE::CLParticleSystem
          ]
C:\Users\ruben\Desktop\Genetic-Algorithm-TFG\TFG-Project\TFG-Project\src\CLEngine\src\CLEngine.cpp(665): message : Vea la referencia a la creación de una instancia de la función plantilla "std::shared_ptr<CLE::CLParticleSystem> std::make_shared<CLE::CLParticleSystem,unsigned int&,unsigned int&,glm::vec3&,std::vector<std::string,std::allocator<std::string>>&,int&,int&,int&,int&,int&,uint_fast8_t&>(unsigned int &,unsigned int &,glm::vec3 &,std::vector<std::string,std::allocator<std::string>> &,int &,int &,int &,int &,int &,uint_fast8_t &)" que se está compilando
  TFG-Project.vcxproj -> C:\Users\ruben\Desktop\Genetic-Algorithm-TFG\TFG-Project\Debug\TFG-Project.exe
